Flutter crash report.
Please report a bug at https://github.com/flutter/flutter/issues.

## command

flutter run --machine --start-paused -d 078393723R002807 --devtools-server-address http://127.0.0.1:9100/ --target D:\dari lutfi\Leon_Tech\lib\main.dart

## exception

FileSystemException: FileSystemException: flush failed, path = 'D:\dari lutfi\Leon_Tech\.flutter-plugins' (OS Error: The request could not be performed because of an I/O device error.
, errno = 1117)

```
#0      _RandomAccessFile.flushSync (dart:io/file_impl.dart:999:7)
#1      _File.writeAsBytesSync (dart:io/file_impl.dart:647:25)
#2      _File.writeAsStringSync (dart:io/file_impl.dart:668:5)
#3      ForwardingFile.writeAsStringSync (package:file/src/forwarding/forwarding_file.dart:150:16)
#4      ErrorHandlingFile.writeAsStringSync.<anonymous closure> (package:flutter_tools/src/base/error_handling_io.dart:279:22)
#5      _runSync (package:flutter_tools/src/base/error_handling_io.dart:600:14)
#6      ErrorHandlingFile.writeAsStringSync (package:flutter_tools/src/base/error_handling_io.dart:278:5)
#7      _writeFlutterPluginsListLegacy (package:flutter_tools/src/flutter_plugins.dart:277:15)
#8      refreshPluginsList (package:flutter_tools/src/flutter_plugins.dart:1014:30)
<asynchronous suspension>
#9      FlutterProject.ensureReadyForPlatformSpecificTooling (package:flutter_tools/src/project.dart:379:5)
<asynchronous suspension>
#10     FlutterCommand.verifyThenRunCommand (package:flutter_tools/src/runner/flutter_command.dart:1750:7)
<asynchronous suspension>
#11     FlutterCommand.run.<anonymous closure> (package:flutter_tools/src/runner/flutter_command.dart:1408:27)
<asynchronous suspension>
#12     AppContext.run.<anonymous closure> (package:flutter_tools/src/base/context.dart:153:19)
<asynchronous suspension>
#13     CommandRunner.runCommand (package:args/command_runner.dart:212:13)
<asynchronous suspension>
#14     FlutterCommandRunner.runCommand.<anonymous closure> (package:flutter_tools/src/runner/flutter_command_runner.dart:420:9)
<asynchronous suspension>
#15     AppContext.run.<anonymous closure> (package:flutter_tools/src/base/context.dart:153:19)
<asynchronous suspension>
#16     FlutterCommandRunner.runCommand (package:flutter_tools/src/runner/flutter_command_runner.dart:364:5)
<asynchronous suspension>
#17     run.<anonymous closure>.<anonymous closure> (package:flutter_tools/runner.dart:130:9)
<asynchronous suspension>
#18     AppContext.run.<anonymous closure> (package:flutter_tools/src/base/context.dart:153:19)
<asynchronous suspension>
#19     main (package:flutter_tools/executable.dart:93:3)
<asynchronous suspension>
```

## flutter doctor

```
[✓] Flutter (Channel stable, 3.24.3, on Microsoft Windows [Version 10.0.22000.3197], locale id-ID)
    • Flutter version 3.24.3 on channel stable at C:\flutter
    • Upstream repository https://github.com/flutter/flutter.git
    • Framework revision 2663184aa7 (4 weeks ago), 2024-09-11 16:27:48 -0500
    • Engine revision 36335019a8
    • Dart version 3.5.3
    • DevTools version 2.37.3

[✓] Windows Version (Installed version of Windows is version 10 or higher)

[✓] Android toolchain - develop for Android devices (Android SDK version 34.0.0)
    • Android SDK at C:\Users\cukris\AppData\Local\Android\sdk
    • Platform android-34, build-tools 34.0.0
    • Java binary at: C:\Program Files\Java\jdk-17\bin\java
    • Java version Java(TM) SE Runtime Environment (build 17.0.11+7-LTS-207)
    • All Android licenses accepted.

[✓] Chrome - develop for the web
    • Chrome at C:\Program Files\Google\Chrome\Application\chrome.exe

[✓] Visual Studio - develop Windows apps (Visual Studio Community 2022 17.11.4)
    • Visual Studio at D:\program file d
    • Visual Studio Community 2022 version 17.11.35312.102
    • Windows 10 SDK version 10.0.22621.0

[✓] Android Studio (version 2021.2)
    • Android Studio at C:\Program Files\Android\Android Studio
    • Flutter plugin can be installed from:
      🔨 https://plugins.jetbrains.com/plugin/9212-flutter
    • Dart plugin can be installed from:
      🔨 https://plugins.jetbrains.com/plugin/6351-dart
    • Java version OpenJDK Runtime Environment (build 11.0.12+7-b1504.28-7817840)

[✓] VS Code, 64-bit edition (version 1.93.1)
    • VS Code at C:\Program Files\Microsoft VS Code
    • Flutter extension version 3.98.0

[✓] Connected device (4 available)
    • Infinix X6511E (mobile) • 078393723R002807 • android-arm    • Android 11 (API 30)
    • Windows (desktop)       • windows          • windows-x64    • Microsoft Windows [Version 10.0.22000.3197]
    • Chrome (web)            • chrome           • web-javascript • Google Chrome 129.0.6668.90
    • Edge (web)              • edge             • web-javascript • Microsoft Edge 129.0.2792.79

[✓] Network resources
    • All expected network resources are available.

• No issues found!
```
